<?xml version="1.0" encoding="UTF-8"?>
<!-- Generated by org.testng.reporters.JUnitReportReporter -->
<testsuite skipped="0" hostname="xiaozliu-mac" name="com.rioliu.test.RestApiTest" tests="1" failures="0" timestamp="13 Nov 2018 08:31:06 GMT" time="1.814" errors="0">
  <testcase name="testRestApi" time="1.814" classname="com.rioliu.test.RestApiTest"/>
</testsuite> <!-- com.rioliu.test.RestApiTest -->
