<?xml version="1.0" encoding="UTF-8"?>
<!-- Generated by org.testng.reporters.JUnitReportReporter -->
<testsuite skipped="0" hostname="xiaozliu-mac" name="com.rioliu.test.RestAssured" tests="1" failures="0" timestamp="25 Oct 2018 08:44:17 GMT" time="2.756" errors="0">
  <testcase name="testRestApi" time="2.756" classname="com.rioliu.test.RestAssured"/>
</testsuite> <!-- com.rioliu.test.RestAssured -->
