<?xml version="1.0" encoding="UTF-8"?>
<!-- Generated by org.testng.reporters.JUnitReportReporter -->
<testsuite skipped="0" hostname="xiaozliu-mac" name="com.rioliu.test.DatabaseTest" tests="2" failures="0" timestamp="28 Nov 2018 04:34:07 GMT" time="0.681" errors="0">
  <testcase name="testJDBCConnection" time="0.591" classname="com.rioliu.test.DatabaseTest"/>
  <testcase name="testSqlQuery" time="0.090" classname="com.rioliu.test.DatabaseTest"/>
</testsuite> <!-- com.rioliu.test.DatabaseTest -->
