<?xml version="1.0" encoding="UTF-8"?>
<!-- Generated by org.testng.reporters.JUnitReportReporter -->
<testsuite skipped="0" hostname="xiaozliu-mac" name="com.rioliu.test.RESTfulAPITest" tests="2" failures="0" timestamp="20 Nov 2018 03:22:24 GMT" time="3.479" errors="0">
  <testcase name="testPublicAPI1" time="2.456" classname="com.rioliu.test.RESTfulAPITest"/>
  <testcase name="testPublicAPI2" time="1.023" classname="com.rioliu.test.RESTfulAPITest"/>
</testsuite> <!-- com.rioliu.test.RESTfulAPITest -->
