<?xml version="1.0" encoding="UTF-8"?>
<!-- Generated by org.testng.reporters.JUnitReportReporter -->
<testsuite skipped="1" hostname="xiaozliu-mac" name="com.rioliu.test.WebDriverTest" tests="2" failures="0" timestamp="20 Nov 2018 09:30:01 GMT" time="13.905" errors="0">
  <testcase name="testPageObject" time="13.905" classname="com.rioliu.test.WebDriverTest"/>
  <testcase name="testWebDriver" classname="com.rioliu.test.WebDriverTest">
    <skipped/>
  </testcase> <!-- testWebDriver -->
</testsuite> <!-- com.rioliu.test.WebDriverTest -->
